<?xml version="1.0" encoding="UTF-8"?>
<!-- Generated by org.testng.reporters.JUnitXMLReporter -->
<testsuite ignored="0" hostname="TYC0522054" failures="0" tests="1" name="EdgeTest" time="0.152" errors="0" timestamp="2024-07-03T08:39:37 IST">
  <testcase classname="testBase.baseClass" name="@BeforeClass setup" time="-1.719976177281E9">
    <failure type="org.testng.TestNGException" message="
Method setup requires 1 parameters but 2 were supplied in the BeforeClass annotation.">
      <![CDATA[org.testng.TestNGException: 
Method setup requires 1 parameters but 2 were supplied in the BeforeClass annotation.
at java.base/java.util.ArrayList.forEach(ArrayList.java:1511)
at java.base/java.util.concurrent.FutureTask.run(FutureTask.java:264)
at java.base/java.util.concurrent.ThreadPoolExecutor.runWorker(ThreadPoolExecutor.java:1136)
at java.base/java.util.concurrent.ThreadPoolExecutor$Worker.run(ThreadPoolExecutor.java:635)
at java.base/java.lang.Thread.run(Thread.java:833)
... Removed 12 stack frames]]>
    </failure>
  </testcase> <!-- @BeforeClass setup -->
  <testcase classname="testBase.baseClass" name="@AfterClass tesrDown" time="0.0">
    <skipped/>
  </testcase> <!-- @AfterClass tesrDown -->
  <testcase classname="testCases.TC001_Registration_test" name="Verify_account_registration" time="0.0">
    <skipped/>
  </testcase> <!-- Verify_account_registration -->
</testsuite> <!-- EdgeTest -->
